<?xml version="1.0" encoding="UTF-8"?>
<!-- Generated by org.testng.reporters.JUnitXMLReporter -->
<testsuite hostname="ashish-PC" ignored="0" name="Default test" tests="6" failures="2" timestamp="04 Aug 2019 11:14:32 GMT" time="110.519" errors="0">
  <testcase name="login" time="25.17" classname="cucRunner.Runner"/>
  <testcase name="login" time="26.304" classname="cucRunner.Runner"/>
  <testcase name="login" time="26.581" classname="cucRunner.Runner"/>
  <testcase name="login" time="24.639" classname="cucRunner.Runner">
    <failure type="java.lang.AssertionError" message="expected [true] but found [false]">
      <![CDATA[java.lang.AssertionError: expected [true] but found [false]
at org.testng.Assert.fail(Assert.java:96)
at org.testng.Assert.failNotEquals(Assert.java:776)
at org.testng.Assert.assertTrue(Assert.java:44)
at org.testng.Assert.assertTrue(Assert.java:54)
at stepDefiniton.OpenWetherHomeSteps.verify_current_weather_updates_displayed_for(OpenWetherHomeSteps.java:79)
at ✽.verify current weather updates displayed for "delhi"(featureFiles/OpenWeather.feature:41)
]]>
    </failure>
  </testcase> <!-- login -->
  <testcase name="login" time="5.435" classname="cucRunner.Runner"/>
  <testcase name="login" time="0.735" classname="cucRunner.Runner">
    <failure type="java.lang.AssertionError" message="expected [Mubai] but found [Moscow]">
      <![CDATA[java.lang.AssertionError: expected [Mubai] but found [Moscow]
at org.testng.Assert.fail(Assert.java:96)
at org.testng.Assert.failNotEquals(Assert.java:776)
at org.testng.Assert.assertEqualsImpl(Assert.java:137)
at org.testng.Assert.assertEquals(Assert.java:118)
at org.testng.Assert.assertEquals(Assert.java:453)
at org.testng.Assert.assertEquals(Assert.java:463)
at stepDefiniton.APITestSteps.verify_city_name_is_response_is(APITestSteps.java:44)
at ✽.verify city name is response is "Mubai"(featureFiles/OpenWeather.feature:58)
]]>
    </failure>
  </testcase> <!-- login -->
</testsuite> <!-- Default test -->
