<?xml version="1.0" encoding="UTF-8"?>
<!-- Generated by org.testng.reporters.JUnitXMLReporter -->
<testsuite hostname="ashish-PC" ignored="0" name="Test" tests="6" failures="2" timestamp="04 Aug 2019 10:13:59 GMT" time="186.461" errors="0">
  <testcase name="login" time="71.722" classname="cucRunner.Runner"/>
  <testcase name="login" time="30.305" classname="cucRunner.Runner"/>
  <testcase name="login" time="30.802" classname="cucRunner.Runner"/>
  <testcase name="login" time="39.374" classname="cucRunner.Runner">
    <failure type="java.lang.AssertionError" message="expected [true] but found [false]">
      <![CDATA[java.lang.AssertionError: expected [true] but found [false]
at stepDefiniton.OpenWetherHomeSteps.verify_current_weather_updates_displayed_for(OpenWetherHomeSteps.java:77)
at ✽.verify current weather updates displayed for "delhi"(featureFiles/OpenWeather.feature:41)
... Removed 4 stack frames]]>
    </failure>
  </testcase> <!-- login -->
  <testcase name="login" time="11.983" classname="cucRunner.Runner"/>
  <testcase name="login" time="0.825" classname="cucRunner.Runner">
    <failure type="java.lang.AssertionError" message="expected [Mubai] but found [Moscow]">
      <![CDATA[java.lang.AssertionError: expected [Mubai] but found [Moscow]
at stepDefiniton.apiTestSteps.verify_city_name_is_response_is(apiTestSteps.java:44)
at ✽.verify city name is response is "Mubai"(featureFiles/OpenWeather.feature:58)
... Removed 6 stack frames]]>
    </failure>
  </testcase> <!-- login -->
</testsuite> <!-- Test -->
